2022-08-08 11:25:22,824 INFO org.hibernate.validator.internal.util.Version [background-preinit] HV000001: Hibernate Validator 6.2.0.Final
2022-08-08 11:25:22,830 INFO org.springframework.boot.StartupInfoLogger [main] Starting SummitBootcampApplication using Java 18.0.1.1 on lnb035713spo with PID 55963 (/home/pgrillo/projetos/project-myMusic-toTal/MyMusic/target/classes started by root in /home/pgrillo/projetos/project-myMusic-toTal/MyMusic)
2022-08-08 11:25:22,831 INFO org.springframework.boot.SpringApplication [main] No active profile set, falling back to default profiles: default
2022-08-08 11:25:23,387 INFO org.springframework.data.repository.config.RepositoryConfigurationDelegate [main] Bootstrapping Spring Data JPA repositories in DEFAULT mode.
2022-08-08 11:25:23,424 INFO org.springframework.data.repository.config.RepositoryConfigurationDelegate [main] Finished Spring Data repository scanning in 32 ms. Found 5 JPA repository interfaces.
2022-08-08 11:25:23,805 INFO org.springframework.boot.web.embedded.tomcat.TomcatWebServer [main] Tomcat initialized with port(s): 9090 (http)
2022-08-08 11:25:23,812 INFO org.apache.juli.logging.DirectJDKLog [main] Initializing ProtocolHandler ["http-nio-9090"]
2022-08-08 11:25:23,812 INFO org.apache.juli.logging.DirectJDKLog [main] Starting service [Tomcat]
2022-08-08 11:25:23,812 INFO org.apache.juli.logging.DirectJDKLog [main] Starting Servlet engine: [Apache Tomcat/9.0.56]
2022-08-08 11:25:23,852 INFO org.apache.juli.logging.DirectJDKLog [main] Initializing Spring embedded WebApplicationContext
2022-08-08 11:25:23,852 INFO org.springframework.boot.web.servlet.context.ServletWebServerApplicationContext [main] Root WebApplicationContext: initialization completed in 991 ms
2022-08-08 11:25:23,917 INFO org.hibernate.jpa.internal.util.LogHelper [main] HHH000204: Processing PersistenceUnitInfo [name: default]
2022-08-08 11:25:23,945 INFO org.hibernate.Version [main] HHH000412: Hibernate ORM core version 5.6.4.Final
2022-08-08 11:25:24,023 INFO org.hibernate.annotations.common.reflection.java.JavaReflectionManager [main] HCANN000001: Hibernate Commons Annotations {5.1.2.Final}
2022-08-08 11:25:24,076 INFO org.hibernate.dialect.Dialect [main] HHH000400: Using dialect: org.hibernate.dialect.SQLiteDialect
2022-08-08 11:25:24,199 INFO org.hibernate.dialect.Dialect [main] HHH000400: Using dialect: com.ciandt.summit.bootcamp2022.config.SqlDialect
2022-08-08 11:25:24,534 INFO org.hibernate.engine.transaction.jta.platform.internal.JtaPlatformInitiator [main] HHH000490: Using JtaPlatform implementation: [org.hibernate.engine.transaction.jta.platform.internal.NoJtaPlatform]
2022-08-08 11:25:24,537 INFO org.springframework.orm.jpa.AbstractEntityManagerFactoryBean [main] Initialized JPA EntityManagerFactory for persistence unit 'default'
2022-08-08 11:25:25,225 INFO org.springframework.security.web.DefaultSecurityFilterChain [main] Will secure Ant [pattern='/v2/api-docs'] with []
2022-08-08 11:25:25,226 INFO org.springframework.security.web.DefaultSecurityFilterChain [main] Will secure Ant [pattern='/configuration/ui'] with []
2022-08-08 11:25:25,226 INFO org.springframework.security.web.DefaultSecurityFilterChain [main] Will secure Ant [pattern='/swagger-resources/**'] with []
2022-08-08 11:25:25,226 INFO org.springframework.security.web.DefaultSecurityFilterChain [main] Will secure Ant [pattern='/configuration/security'] with []
2022-08-08 11:25:25,226 INFO org.springframework.security.web.DefaultSecurityFilterChain [main] Will secure Ant [pattern='/swagger-ui.html'] with []
2022-08-08 11:25:25,226 INFO org.springframework.security.web.DefaultSecurityFilterChain [main] Will secure Ant [pattern='/webjars/**'] with []
2022-08-08 11:25:25,241 INFO org.springframework.security.web.DefaultSecurityFilterChain [main] Will secure any request with [org.springframework.security.web.context.request.async.WebAsyncManagerIntegrationFilter@4cb59398, org.springframework.security.web.context.SecurityContextPersistenceFilter@630bd5e7, org.springframework.security.web.header.HeaderWriterFilter@22657db1, org.springframework.security.web.savedrequest.RequestCacheAwareFilter@5b6ec94a, org.springframework.security.web.servletapi.SecurityContextHolderAwareRequestFilter@5e8a678a, com.ciandt.summit.bootcamp2022.authentication.CustomAuthenticationProcessingFilter@22cf1808, org.springframework.security.web.authentication.AnonymousAuthenticationFilter@7156f8cf, org.springframework.security.web.session.SessionManagementFilter@5325674a, org.springframework.security.web.access.ExceptionTranslationFilter@7a1878d, org.springframework.security.web.access.intercept.FilterSecurityInterceptor@423d662a]
2022-08-08 11:25:25,265 INFO springfox.documentation.spring.web.PropertySourcedRequestMappingHandlerMapping [main] Mapped URL path [/v2/api-docs] onto method [springfox.documentation.swagger2.web.Swagger2Controller#getDocumentation(String, HttpServletRequest)]
2022-08-08 11:25:25,340 WARN org.springframework.boot.autoconfigure.orm.jpa.JpaBaseConfiguration$JpaWebConfiguration [main] spring.jpa.open-in-view is enabled by default. Therefore, database queries may be performed during view rendering. Explicitly configure spring.jpa.open-in-view to disable this warning
2022-08-08 11:25:25,509 INFO org.apache.juli.logging.DirectJDKLog [main] Starting ProtocolHandler ["http-nio-9090"]
2022-08-08 11:25:25,522 INFO org.springframework.boot.web.embedded.tomcat.TomcatWebServer [main] Tomcat started on port(s): 9090 (http) with context path '/api'
2022-08-08 11:25:25,523 INFO springfox.documentation.spring.web.plugins.DocumentationPluginsBootstrapper [main] Context refreshed
2022-08-08 11:25:25,535 INFO springfox.documentation.spring.web.plugins.DocumentationPluginsBootstrapper [main] Found 1 custom documentation plugin(s)
2022-08-08 11:25:25,555 INFO springfox.documentation.spring.web.scanners.ApiListingReferenceScanner [main] Scanning for api listing references
2022-08-08 11:25:25,648 INFO springfox.documentation.spring.web.readers.operation.CachingOperationNameGenerator [main] Generating unique operation named: findAllUsingGET_1
2022-08-08 11:25:25,653 INFO springfox.documentation.spring.web.readers.operation.CachingOperationNameGenerator [main] Generating unique operation named: findAllUsingGET_2
2022-08-08 11:25:25,668 INFO org.springframework.boot.StartupInfoLogger [main] Started SummitBootcampApplication in 3.085 seconds (JVM running for 3.585)
2022-08-08 11:25:25,671 INFO com.ciandt.summit.bootcamp2022.config.LogConfig [main] Starting application MyMusic.. Access to swagger URL: http://localhost:9090/api/swagger-ui.html
2022-08-08 11:25:36,266 INFO org.springframework.orm.jpa.AbstractEntityManagerFactoryBean [SpringApplicationShutdownHook] Closing JPA EntityManagerFactory for persistence unit 'default'
2022-08-08 11:37:14,102 INFO org.springframework.test.context.support.AbstractTestContextBootstrapper [main] Neither @ContextConfiguration nor @ContextHierarchy found for test class [com.ciandt.summit.bootcamp2022.service.PlaylistServiceTest], using DelegatingSmartContextLoader
2022-08-08 11:37:14,108 INFO org.springframework.test.context.support.AbstractContextLoader [main] Could not detect default resource locations for test class [com.ciandt.summit.bootcamp2022.service.PlaylistServiceTest]: no resource found for suffixes {-context.xml}.
2022-08-08 11:37:14,110 INFO org.springframework.test.context.support.AnnotationConfigContextLoaderUtils [main] Could not detect default configuration classes for test class [com.ciandt.summit.bootcamp2022.service.PlaylistServiceTest]: PlaylistServiceTest does not declare any static, non-private, non-final, nested classes annotated with @Configuration.
2022-08-08 11:37:14,148 INFO org.springframework.test.context.support.AbstractTestContextBootstrapper [main] Loaded default TestExecutionListener class names from location [META-INF/spring.factories]: [org.springframework.boot.test.mock.mockito.MockitoTestExecutionListener, org.springframework.boot.test.mock.mockito.ResetMocksTestExecutionListener, org.springframework.boot.test.autoconfigure.restdocs.RestDocsTestExecutionListener, org.springframework.boot.test.autoconfigure.web.client.MockRestServiceServerResetTestExecutionListener, org.springframework.boot.test.autoconfigure.web.servlet.MockMvcPrintOnlyOnFailureTestExecutionListener, org.springframework.boot.test.autoconfigure.web.servlet.WebDriverTestExecutionListener, org.springframework.boot.test.autoconfigure.webservices.client.MockWebServiceServerTestExecutionListener, org.springframework.test.context.web.ServletTestExecutionListener, org.springframework.test.context.support.DirtiesContextBeforeModesTestExecutionListener, org.springframework.test.context.event.ApplicationEventsTestExecutionListener, org.springframework.test.context.support.DependencyInjectionTestExecutionListener, org.springframework.test.context.support.DirtiesContextTestExecutionListener, org.springframework.test.context.transaction.TransactionalTestExecutionListener, org.springframework.test.context.jdbc.SqlScriptsTestExecutionListener, org.springframework.test.context.event.EventPublishingTestExecutionListener]
2022-08-08 11:37:14,157 INFO org.springframework.test.context.support.AbstractTestContextBootstrapper [main] Using TestExecutionListeners: [org.springframework.test.context.web.ServletTestExecutionListener@3e7634b9, org.springframework.test.context.support.DirtiesContextBeforeModesTestExecutionListener@6f0b0a5e, org.springframework.test.context.event.ApplicationEventsTestExecutionListener@6035b93b, org.springframework.boot.test.mock.mockito.MockitoTestExecutionListener@320de594, org.springframework.test.context.support.DependencyInjectionTestExecutionListener@3dd1dc90, org.springframework.test.context.support.DirtiesContextTestExecutionListener@abf688e, org.springframework.test.context.transaction.TransactionalTestExecutionListener@478ee483, org.springframework.test.context.jdbc.SqlScriptsTestExecutionListener@1a7288a3, org.springframework.test.context.event.EventPublishingTestExecutionListener@2974f221, org.springframework.boot.test.mock.mockito.ResetMocksTestExecutionListener@58fe0499, org.springframework.boot.test.autoconfigure.restdocs.RestDocsTestExecutionListener@686449f9, org.springframework.boot.test.autoconfigure.web.client.MockRestServiceServerResetTestExecutionListener@665df3c6, org.springframework.boot.test.autoconfigure.web.servlet.MockMvcPrintOnlyOnFailureTestExecutionListener@68b6f0d6, org.springframework.boot.test.autoconfigure.web.servlet.WebDriverTestExecutionListener@4044fb95, org.springframework.boot.test.autoconfigure.webservices.client.MockWebServiceServerTestExecutionListener@aa549e5]
2022-08-08 11:37:14,680 INFO org.springframework.test.context.support.AbstractTestContextBootstrapper [main] Neither @ContextConfiguration nor @ContextHierarchy found for test class [com.ciandt.summit.bootcamp2022.service.MusicServiceTest], using DelegatingSmartContextLoader
2022-08-08 11:37:14,681 INFO org.springframework.test.context.support.AbstractContextLoader [main] Could not detect default resource locations for test class [com.ciandt.summit.bootcamp2022.service.MusicServiceTest]: no resource found for suffixes {-context.xml}.
2022-08-08 11:37:14,681 INFO org.springframework.test.context.support.AnnotationConfigContextLoaderUtils [main] Could not detect default configuration classes for test class [com.ciandt.summit.bootcamp2022.service.MusicServiceTest]: MusicServiceTest does not declare any static, non-private, non-final, nested classes annotated with @Configuration.
2022-08-08 11:37:14,683 INFO org.springframework.test.context.support.AbstractTestContextBootstrapper [main] Loaded default TestExecutionListener class names from location [META-INF/spring.factories]: [org.springframework.boot.test.mock.mockito.MockitoTestExecutionListener, org.springframework.boot.test.mock.mockito.ResetMocksTestExecutionListener, org.springframework.boot.test.autoconfigure.restdocs.RestDocsTestExecutionListener, org.springframework.boot.test.autoconfigure.web.client.MockRestServiceServerResetTestExecutionListener, org.springframework.boot.test.autoconfigure.web.servlet.MockMvcPrintOnlyOnFailureTestExecutionListener, org.springframework.boot.test.autoconfigure.web.servlet.WebDriverTestExecutionListener, org.springframework.boot.test.autoconfigure.webservices.client.MockWebServiceServerTestExecutionListener, org.springframework.test.context.web.ServletTestExecutionListener, org.springframework.test.context.support.DirtiesContextBeforeModesTestExecutionListener, org.springframework.test.context.event.ApplicationEventsTestExecutionListener, org.springframework.test.context.support.DependencyInjectionTestExecutionListener, org.springframework.test.context.support.DirtiesContextTestExecutionListener, org.springframework.test.context.transaction.TransactionalTestExecutionListener, org.springframework.test.context.jdbc.SqlScriptsTestExecutionListener, org.springframework.test.context.event.EventPublishingTestExecutionListener]
2022-08-08 11:37:14,683 INFO org.springframework.test.context.support.AbstractTestContextBootstrapper [main] Using TestExecutionListeners: [org.springframework.test.context.web.ServletTestExecutionListener@3050ac2f, org.springframework.test.context.support.DirtiesContextBeforeModesTestExecutionListener@265bd546, org.springframework.test.context.event.ApplicationEventsTestExecutionListener@1937eaff, org.springframework.boot.test.mock.mockito.MockitoTestExecutionListener@7e0bc8a3, org.springframework.test.context.support.DependencyInjectionTestExecutionListener@4b0f2299, org.springframework.test.context.support.DirtiesContextTestExecutionListener@33063f5b, org.springframework.test.context.transaction.TransactionalTestExecutionListener@15405bd6, org.springframework.test.context.jdbc.SqlScriptsTestExecutionListener@352ed70d, org.springframework.test.context.event.EventPublishingTestExecutionListener@70730db, org.springframework.boot.test.mock.mockito.ResetMocksTestExecutionListener@5793b87, org.springframework.boot.test.autoconfigure.restdocs.RestDocsTestExecutionListener@12704e15, org.springframework.boot.test.autoconfigure.web.client.MockRestServiceServerResetTestExecutionListener@512575e9, org.springframework.boot.test.autoconfigure.web.servlet.MockMvcPrintOnlyOnFailureTestExecutionListener@6f1a16fe, org.springframework.boot.test.autoconfigure.web.servlet.WebDriverTestExecutionListener@2373ad99, org.springframework.boot.test.autoconfigure.webservices.client.MockWebServiceServerTestExecutionListener@33634f04]
2022-08-08 11:37:14,694 INFO org.springframework.test.context.support.AbstractTestContextBootstrapper [main] Neither @ContextConfiguration nor @ContextHierarchy found for test class [com.ciandt.summit.bootcamp2022.service.UsuarioServiceTest], using DelegatingSmartContextLoader
2022-08-08 11:37:14,695 INFO org.springframework.test.context.support.AbstractContextLoader [main] Could not detect default resource locations for test class [com.ciandt.summit.bootcamp2022.service.UsuarioServiceTest]: no resource found for suffixes {-context.xml}.
2022-08-08 11:37:14,695 INFO org.springframework.test.context.support.AnnotationConfigContextLoaderUtils [main] Could not detect default configuration classes for test class [com.ciandt.summit.bootcamp2022.service.UsuarioServiceTest]: UsuarioServiceTest does not declare any static, non-private, non-final, nested classes annotated with @Configuration.
2022-08-08 11:37:14,696 INFO org.springframework.test.context.support.AbstractTestContextBootstrapper [main] Loaded default TestExecutionListener class names from location [META-INF/spring.factories]: [org.springframework.boot.test.mock.mockito.MockitoTestExecutionListener, org.springframework.boot.test.mock.mockito.ResetMocksTestExecutionListener, org.springframework.boot.test.autoconfigure.restdocs.RestDocsTestExecutionListener, org.springframework.boot.test.autoconfigure.web.client.MockRestServiceServerResetTestExecutionListener, org.springframework.boot.test.autoconfigure.web.servlet.MockMvcPrintOnlyOnFailureTestExecutionListener, org.springframework.boot.test.autoconfigure.web.servlet.WebDriverTestExecutionListener, org.springframework.boot.test.autoconfigure.webservices.client.MockWebServiceServerTestExecutionListener, org.springframework.test.context.web.ServletTestExecutionListener, org.springframework.test.context.support.DirtiesContextBeforeModesTestExecutionListener, org.springframework.test.context.event.ApplicationEventsTestExecutionListener, org.springframework.test.context.support.DependencyInjectionTestExecutionListener, org.springframework.test.context.support.DirtiesContextTestExecutionListener, org.springframework.test.context.transaction.TransactionalTestExecutionListener, org.springframework.test.context.jdbc.SqlScriptsTestExecutionListener, org.springframework.test.context.event.EventPublishingTestExecutionListener]
2022-08-08 11:37:14,697 INFO org.springframework.test.context.support.AbstractTestContextBootstrapper [main] Using TestExecutionListeners: [org.springframework.test.context.web.ServletTestExecutionListener@57562473, org.springframework.test.context.support.DirtiesContextBeforeModesTestExecutionListener@7a360554, org.springframework.test.context.event.ApplicationEventsTestExecutionListener@424de326, org.springframework.boot.test.mock.mockito.MockitoTestExecutionListener@4bc33720, org.springframework.test.context.support.DependencyInjectionTestExecutionListener@2dd0f797, org.springframework.test.context.support.DirtiesContextTestExecutionListener@67064bdc, org.springframework.test.context.transaction.TransactionalTestExecutionListener@4a7fd0c9, org.springframework.test.context.jdbc.SqlScriptsTestExecutionListener@18578491, org.springframework.test.context.event.EventPublishingTestExecutionListener@3291b443, org.springframework.boot.test.mock.mockito.ResetMocksTestExecutionListener@671c4166, org.springframework.boot.test.autoconfigure.restdocs.RestDocsTestExecutionListener@53d13cd4, org.springframework.boot.test.autoconfigure.web.client.MockRestServiceServerResetTestExecutionListener@77865933, org.springframework.boot.test.autoconfigure.web.servlet.MockMvcPrintOnlyOnFailureTestExecutionListener@480ad82c, org.springframework.boot.test.autoconfigure.web.servlet.WebDriverTestExecutionListener@4d18b73a, org.springframework.boot.test.autoconfigure.webservices.client.MockWebServiceServerTestExecutionListener@177515d1]
2022-08-08 11:37:14,733 INFO org.springframework.test.context.support.AbstractTestContextBootstrapper [main] Neither @ContextConfiguration nor @ContextHierarchy found for test class [com.ciandt.summit.bootcamp2022.controller.MusicControllerTest], using SpringBootContextLoader
2022-08-08 11:37:14,734 INFO org.springframework.test.context.support.AbstractContextLoader [main] Could not detect default resource locations for test class [com.ciandt.summit.bootcamp2022.controller.MusicControllerTest]: no resource found for suffixes {-context.xml, Context.groovy}.
2022-08-08 11:37:14,735 INFO org.springframework.test.context.support.AnnotationConfigContextLoaderUtils [main] Could not detect default configuration classes for test class [com.ciandt.summit.bootcamp2022.controller.MusicControllerTest]: MusicControllerTest does not declare any static, non-private, non-final, nested classes annotated with @Configuration.
2022-08-08 11:37:14,789 INFO org.springframework.boot.test.context.SpringBootTestContextBootstrapper [main] Found @SpringBootConfiguration com.ciandt.summit.bootcamp2022.SummitBootcampApplication for test class com.ciandt.summit.bootcamp2022.controller.MusicControllerTest
2022-08-08 11:37:14,824 INFO org.springframework.test.context.support.AbstractTestContextBootstrapper [main] Loaded default TestExecutionListener class names from location [META-INF/spring.factories]: [org.springframework.boot.test.mock.mockito.MockitoTestExecutionListener, org.springframework.boot.test.mock.mockito.ResetMocksTestExecutionListener, org.springframework.boot.test.autoconfigure.restdocs.RestDocsTestExecutionListener, org.springframework.boot.test.autoconfigure.web.client.MockRestServiceServerResetTestExecutionListener, org.springframework.boot.test.autoconfigure.web.servlet.MockMvcPrintOnlyOnFailureTestExecutionListener, org.springframework.boot.test.autoconfigure.web.servlet.WebDriverTestExecutionListener, org.springframework.boot.test.autoconfigure.webservices.client.MockWebServiceServerTestExecutionListener, org.springframework.test.context.web.ServletTestExecutionListener, org.springframework.test.context.support.DirtiesContextBeforeModesTestExecutionListener, org.springframework.test.context.event.ApplicationEventsTestExecutionListener, org.springframework.test.context.support.DependencyInjectionTestExecutionListener, org.springframework.test.context.support.DirtiesContextTestExecutionListener, org.springframework.test.context.transaction.TransactionalTestExecutionListener, org.springframework.test.context.jdbc.SqlScriptsTestExecutionListener, org.springframework.test.context.event.EventPublishingTestExecutionListener]
2022-08-08 11:37:14,825 INFO org.springframework.test.context.support.AbstractTestContextBootstrapper [main] Using TestExecutionListeners: [org.springframework.test.context.web.ServletTestExecutionListener@5583098b, org.springframework.test.context.support.DirtiesContextBeforeModesTestExecutionListener@5807efad, org.springframework.test.context.event.ApplicationEventsTestExecutionListener@53a84ff4, org.springframework.boot.test.mock.mockito.MockitoTestExecutionListener@7ce85af2, org.springframework.boot.test.autoconfigure.SpringBootDependencyInjectionTestExecutionListener@316acbb5, org.springframework.test.context.support.DirtiesContextTestExecutionListener@56f730b2, org.springframework.test.context.transaction.TransactionalTestExecutionListener@47311277, org.springframework.test.context.jdbc.SqlScriptsTestExecutionListener@7930ffa9, org.springframework.test.context.event.EventPublishingTestExecutionListener@1e60b459, org.springframework.boot.test.mock.mockito.ResetMocksTestExecutionListener@717d7587, org.springframework.boot.test.autoconfigure.restdocs.RestDocsTestExecutionListener@3e906375, org.springframework.boot.test.autoconfigure.web.client.MockRestServiceServerResetTestExecutionListener@40230eb9, org.springframework.boot.test.autoconfigure.web.servlet.MockMvcPrintOnlyOnFailureTestExecutionListener@5b7aa898, org.springframework.boot.test.autoconfigure.web.servlet.WebDriverTestExecutionListener@41b13f3d, org.springframework.boot.test.autoconfigure.webservices.client.MockWebServiceServerTestExecutionListener@7c0777b5]
2022-08-08 11:37:14,941 INFO org.springframework.boot.StartupInfoLogger [main] Starting MusicControllerTest using Java 18.0.1.1 on lnb035713spo with PID 58650 (started by root in /home/pgrillo/projetos/project-myMusic-toTal/MyMusic)
2022-08-08 11:37:14,942 INFO org.springframework.boot.SpringApplication [main] The following profiles are active: test
2022-08-08 11:37:14,958 INFO org.hibernate.validator.internal.util.Version [background-preinit] HV000001: Hibernate Validator 6.2.0.Final
2022-08-08 11:37:15,388 INFO org.springframework.data.repository.config.RepositoryConfigurationDelegate [main] Bootstrapping Spring Data JPA repositories in DEFAULT mode.
2022-08-08 11:37:15,425 INFO org.springframework.data.repository.config.RepositoryConfigurationDelegate [main] Finished Spring Data repository scanning in 32 ms. Found 5 JPA repository interfaces.
2022-08-08 11:37:15,886 INFO org.hibernate.jpa.internal.util.LogHelper [main] HHH000204: Processing PersistenceUnitInfo [name: default]
2022-08-08 11:37:15,927 INFO org.hibernate.Version [main] HHH000412: Hibernate ORM core version 5.6.4.Final
2022-08-08 11:37:15,951 INFO org.hibernate.annotations.common.reflection.java.JavaReflectionManager [main] HCANN000001: Hibernate Commons Annotations {5.1.2.Final}
2022-08-08 11:37:15,997 INFO org.hibernate.dialect.Dialect [main] HHH000400: Using dialect: org.hibernate.dialect.SQLiteDialect
2022-08-08 11:37:16,105 INFO org.hibernate.dialect.Dialect [main] HHH000400: Using dialect: com.ciandt.summit.bootcamp2022.config.SqlDialect
2022-08-08 11:37:16,374 INFO org.hibernate.engine.transaction.jta.platform.internal.JtaPlatformInitiator [main] HHH000490: Using JtaPlatform implementation: [org.hibernate.engine.transaction.jta.platform.internal.NoJtaPlatform]
2022-08-08 11:37:16,379 INFO org.springframework.orm.jpa.AbstractEntityManagerFactoryBean [main] Initialized JPA EntityManagerFactory for persistence unit 'default'
2022-08-08 11:37:16,992 INFO org.springframework.security.web.DefaultSecurityFilterChain [main] Will secure Ant [pattern='/v2/api-docs'] with []
2022-08-08 11:37:16,993 INFO org.springframework.security.web.DefaultSecurityFilterChain [main] Will secure Ant [pattern='/configuration/ui'] with []
2022-08-08 11:37:16,993 INFO org.springframework.security.web.DefaultSecurityFilterChain [main] Will secure Ant [pattern='/swagger-resources/**'] with []
2022-08-08 11:37:16,993 INFO org.springframework.security.web.DefaultSecurityFilterChain [main] Will secure Ant [pattern='/configuration/security'] with []
2022-08-08 11:37:16,993 INFO org.springframework.security.web.DefaultSecurityFilterChain [main] Will secure Ant [pattern='/swagger-ui.html'] with []
2022-08-08 11:37:16,993 INFO org.springframework.security.web.DefaultSecurityFilterChain [main] Will secure Ant [pattern='/webjars/**'] with []
2022-08-08 11:37:17,028 INFO org.springframework.security.web.DefaultSecurityFilterChain [main] Will secure any request with [org.springframework.security.web.context.request.async.WebAsyncManagerIntegrationFilter@5e1535e0, org.springframework.security.web.context.SecurityContextPersistenceFilter@6ae55678, org.springframework.security.web.header.HeaderWriterFilter@4823f4d0, org.springframework.security.web.savedrequest.RequestCacheAwareFilter@63be4548, org.springframework.security.web.servletapi.SecurityContextHolderAwareRequestFilter@620260ad, com.ciandt.summit.bootcamp2022.authentication.CustomAuthenticationProcessingFilter@6c27be1d, org.springframework.security.web.authentication.AnonymousAuthenticationFilter@2e7cd4bb, org.springframework.security.web.session.SessionManagementFilter@773ad729, org.springframework.security.web.access.ExceptionTranslationFilter@7ecd6861, org.springframework.security.web.access.intercept.FilterSecurityInterceptor@4d9ad37e]
2022-08-08 11:37:17,053 INFO springfox.documentation.spring.web.PropertySourcedRequestMappingHandlerMapping [main] Mapped URL path [/v2/api-docs] onto method [springfox.documentation.swagger2.web.Swagger2Controller#getDocumentation(String, HttpServletRequest)]
2022-08-08 11:37:17,136 WARN org.springframework.boot.autoconfigure.orm.jpa.JpaBaseConfiguration$JpaWebConfiguration [main] spring.jpa.open-in-view is enabled by default. Therefore, database queries may be performed during view rendering. Explicitly configure spring.jpa.open-in-view to disable this warning
2022-08-08 11:37:17,422 INFO org.springframework.mock.web.MockServletContext [main] Initializing Spring TestDispatcherServlet ''
2022-08-08 11:37:17,423 INFO org.springframework.web.servlet.FrameworkServlet [main] Initializing Servlet ''
2022-08-08 11:37:17,424 INFO org.springframework.web.servlet.FrameworkServlet [main] Completed initialization in 1 ms
2022-08-08 11:37:17,432 INFO springfox.documentation.spring.web.plugins.DocumentationPluginsBootstrapper [main] Context refreshed
2022-08-08 11:37:17,439 INFO springfox.documentation.spring.web.plugins.DocumentationPluginsBootstrapper [main] Found 1 custom documentation plugin(s)
2022-08-08 11:37:17,451 INFO springfox.documentation.spring.web.scanners.ApiListingReferenceScanner [main] Scanning for api listing references
2022-08-08 11:37:17,506 INFO springfox.documentation.spring.web.readers.operation.CachingOperationNameGenerator [main] Generating unique operation named: findAllUsingGET_1
2022-08-08 11:37:17,509 INFO springfox.documentation.spring.web.readers.operation.CachingOperationNameGenerator [main] Generating unique operation named: findAllUsingGET_2
2022-08-08 11:37:17,518 INFO org.springframework.boot.StartupInfoLogger [main] Started MusicControllerTest in 2.681 seconds (JVM running for 4.318)
2022-08-08 11:37:17,537 WARN org.springframework.web.servlet.DispatcherServlet [main] No mapping for GET /musicas
2022-08-08 11:37:17,556 WARN org.springframework.web.servlet.DispatcherServlet [main] No mapping for GET /musicas
2022-08-08 11:37:17,565 WARN org.springframework.web.servlet.DispatcherServlet [main] No mapping for GET /musicas
2022-08-08 11:37:17,574 WARN org.springframework.web.servlet.DispatcherServlet [main] No mapping for GET /musicas
2022-08-08 11:37:17,582 WARN org.springframework.web.servlet.DispatcherServlet [main] No mapping for GET /musicas
2022-08-08 11:37:17,591 INFO org.springframework.test.context.support.AbstractTestContextBootstrapper [main] Neither @ContextConfiguration nor @ContextHierarchy found for test class [com.ciandt.summit.bootcamp2022.controller.PlaylistControllerTest], using SpringBootContextLoader
2022-08-08 11:37:17,592 INFO org.springframework.test.context.support.AbstractContextLoader [main] Could not detect default resource locations for test class [com.ciandt.summit.bootcamp2022.controller.PlaylistControllerTest]: no resource found for suffixes {-context.xml, Context.groovy}.
2022-08-08 11:37:17,592 INFO org.springframework.test.context.support.AnnotationConfigContextLoaderUtils [main] Could not detect default configuration classes for test class [com.ciandt.summit.bootcamp2022.controller.PlaylistControllerTest]: PlaylistControllerTest does not declare any static, non-private, non-final, nested classes annotated with @Configuration.
2022-08-08 11:37:17,594 INFO org.springframework.boot.test.context.SpringBootTestContextBootstrapper [main] Found @SpringBootConfiguration com.ciandt.summit.bootcamp2022.SummitBootcampApplication for test class com.ciandt.summit.bootcamp2022.controller.PlaylistControllerTest
2022-08-08 11:37:17,596 INFO org.springframework.test.context.support.AbstractTestContextBootstrapper [main] Loaded default TestExecutionListener class names from location [META-INF/spring.factories]: [org.springframework.boot.test.mock.mockito.MockitoTestExecutionListener, org.springframework.boot.test.mock.mockito.ResetMocksTestExecutionListener, org.springframework.boot.test.autoconfigure.restdocs.RestDocsTestExecutionListener, org.springframework.boot.test.autoconfigure.web.client.MockRestServiceServerResetTestExecutionListener, org.springframework.boot.test.autoconfigure.web.servlet.MockMvcPrintOnlyOnFailureTestExecutionListener, org.springframework.boot.test.autoconfigure.web.servlet.WebDriverTestExecutionListener, org.springframework.boot.test.autoconfigure.webservices.client.MockWebServiceServerTestExecutionListener, org.springframework.test.context.web.ServletTestExecutionListener, org.springframework.test.context.support.DirtiesContextBeforeModesTestExecutionListener, org.springframework.test.context.event.ApplicationEventsTestExecutionListener, org.springframework.test.context.support.DependencyInjectionTestExecutionListener, org.springframework.test.context.support.DirtiesContextTestExecutionListener, org.springframework.test.context.transaction.TransactionalTestExecutionListener, org.springframework.test.context.jdbc.SqlScriptsTestExecutionListener, org.springframework.test.context.event.EventPublishingTestExecutionListener]
2022-08-08 11:37:17,596 INFO org.springframework.test.context.support.AbstractTestContextBootstrapper [main] Using TestExecutionListeners: [org.springframework.test.context.web.ServletTestExecutionListener@1b12c870, org.springframework.test.context.support.DirtiesContextBeforeModesTestExecutionListener@27df4dcb, org.springframework.test.context.event.ApplicationEventsTestExecutionListener@7ddd5715, org.springframework.boot.test.mock.mockito.MockitoTestExecutionListener@d88d9d7, org.springframework.boot.test.autoconfigure.SpringBootDependencyInjectionTestExecutionListener@54c15e, org.springframework.test.context.support.DirtiesContextTestExecutionListener@5d38758a, org.springframework.test.context.transaction.TransactionalTestExecutionListener@4acae4c7, org.springframework.test.context.jdbc.SqlScriptsTestExecutionListener@1c7da28, org.springframework.test.context.event.EventPublishingTestExecutionListener@27bfa57f, org.springframework.boot.test.mock.mockito.ResetMocksTestExecutionListener@39b50027, org.springframework.boot.test.autoconfigure.restdocs.RestDocsTestExecutionListener@24c4370a, org.springframework.boot.test.autoconfigure.web.client.MockRestServiceServerResetTestExecutionListener@1b6daf20, org.springframework.boot.test.autoconfigure.web.servlet.MockMvcPrintOnlyOnFailureTestExecutionListener@41a3656f, org.springframework.boot.test.autoconfigure.web.servlet.WebDriverTestExecutionListener@5086e144, org.springframework.boot.test.autoconfigure.webservices.client.MockWebServiceServerTestExecutionListener@557fe039]
2022-08-08 11:37:17,612 INFO org.springframework.boot.StartupInfoLogger [main] Starting PlaylistControllerTest using Java 18.0.1.1 on lnb035713spo with PID 58650 (started by root in /home/pgrillo/projetos/project-myMusic-toTal/MyMusic)
2022-08-08 11:37:17,612 INFO org.springframework.boot.SpringApplication [main] The following profiles are active: test
2022-08-08 11:37:17,730 INFO org.springframework.data.repository.config.RepositoryConfigurationDelegate [main] Bootstrapping Spring Data JPA repositories in DEFAULT mode.
2022-08-08 11:37:17,737 INFO org.springframework.data.repository.config.RepositoryConfigurationDelegate [main] Finished Spring Data repository scanning in 6 ms. Found 5 JPA repository interfaces.
2022-08-08 11:37:17,783 INFO org.hibernate.jpa.internal.util.LogHelper [main] HHH000204: Processing PersistenceUnitInfo [name: default]
2022-08-08 11:37:17,788 INFO org.hibernate.dialect.Dialect [main] HHH000400: Using dialect: com.ciandt.summit.bootcamp2022.config.SqlDialect
2022-08-08 11:37:17,823 INFO org.hibernate.engine.transaction.jta.platform.internal.JtaPlatformInitiator [main] HHH000490: Using JtaPlatform implementation: [org.hibernate.engine.transaction.jta.platform.internal.NoJtaPlatform]
2022-08-08 11:37:17,823 INFO org.springframework.orm.jpa.AbstractEntityManagerFactoryBean [main] Initialized JPA EntityManagerFactory for persistence unit 'default'
2022-08-08 11:37:17,965 INFO org.springframework.security.web.DefaultSecurityFilterChain [main] Will secure Ant [pattern='/v2/api-docs'] with []
2022-08-08 11:37:17,965 INFO org.springframework.security.web.DefaultSecurityFilterChain [main] Will secure Ant [pattern='/configuration/ui'] with []
2022-08-08 11:37:17,965 INFO org.springframework.security.web.DefaultSecurityFilterChain [main] Will secure Ant [pattern='/swagger-resources/**'] with []
2022-08-08 11:37:17,965 INFO org.springframework.security.web.DefaultSecurityFilterChain [main] Will secure Ant [pattern='/configuration/security'] with []
2022-08-08 11:37:17,965 INFO org.springframework.security.web.DefaultSecurityFilterChain [main] Will secure Ant [pattern='/swagger-ui.html'] with []
2022-08-08 11:37:17,965 INFO org.springframework.security.web.DefaultSecurityFilterChain [main] Will secure Ant [pattern='/webjars/**'] with []
2022-08-08 11:37:17,971 INFO org.springframework.security.web.DefaultSecurityFilterChain [main] Will secure any request with [org.springframework.security.web.context.request.async.WebAsyncManagerIntegrationFilter@67171221, org.springframework.security.web.context.SecurityContextPersistenceFilter@55cd41f7, org.springframework.security.web.header.HeaderWriterFilter@6b09fcda, org.springframework.security.web.savedrequest.RequestCacheAwareFilter@2ff30a75, org.springframework.security.web.servletapi.SecurityContextHolderAwareRequestFilter@b38dc7d, com.ciandt.summit.bootcamp2022.authentication.CustomAuthenticationProcessingFilter@2f3a3fec, org.springframework.security.web.authentication.AnonymousAuthenticationFilter@1d7d2345, org.springframework.security.web.session.SessionManagementFilter@5cf4c93, org.springframework.security.web.access.ExceptionTranslationFilter@316975be, org.springframework.security.web.access.intercept.FilterSecurityInterceptor@207fce87]
2022-08-08 11:37:17,976 INFO springfox.documentation.spring.web.PropertySourcedRequestMappingHandlerMapping [main] Mapped URL path [/v2/api-docs] onto method [springfox.documentation.swagger2.web.Swagger2Controller#getDocumentation(String, HttpServletRequest)]
2022-08-08 11:37:17,998 WARN org.springframework.boot.autoconfigure.orm.jpa.JpaBaseConfiguration$JpaWebConfiguration [main] spring.jpa.open-in-view is enabled by default. Therefore, database queries may be performed during view rendering. Explicitly configure spring.jpa.open-in-view to disable this warning
2022-08-08 11:37:18,070 INFO org.springframework.mock.web.MockServletContext [main] Initializing Spring TestDispatcherServlet ''
2022-08-08 11:37:18,070 INFO org.springframework.web.servlet.FrameworkServlet [main] Initializing Servlet ''
2022-08-08 11:37:18,070 INFO org.springframework.web.servlet.FrameworkServlet [main] Completed initialization in 0 ms
2022-08-08 11:37:18,074 INFO springfox.documentation.spring.web.plugins.DocumentationPluginsBootstrapper [main] Context refreshed
2022-08-08 11:37:18,074 INFO springfox.documentation.spring.web.plugins.DocumentationPluginsBootstrapper [main] Found 1 custom documentation plugin(s)
2022-08-08 11:37:18,076 INFO springfox.documentation.spring.web.scanners.ApiListingReferenceScanner [main] Scanning for api listing references
2022-08-08 11:37:18,089 INFO springfox.documentation.spring.web.readers.operation.CachingOperationNameGenerator [main] Generating unique operation named: findAllUsingGET_1
2022-08-08 11:37:18,091 INFO springfox.documentation.spring.web.readers.operation.CachingOperationNameGenerator [main] Generating unique operation named: findAllUsingGET_2
2022-08-08 11:37:18,095 INFO org.springframework.boot.StartupInfoLogger [main] Started PlaylistControllerTest in 0.497 seconds (JVM running for 4.895)
2022-08-08 11:37:18,107 INFO com.ciandt.summit.bootcamp2022.config.LogConfig [main] Song deleted successfully.. PlaylistID: 1, MusicaID: 1
2022-08-08 11:37:18,128 WARN org.springframework.web.servlet.DispatcherServlet [main] No mapping for POST /playlists/1/1/musicas
2022-08-08 11:37:18,135 WARN org.springframework.web.servlet.DispatcherServlet [main] No mapping for POST /playlists/1/1/musicas
2022-08-08 11:37:18,148 INFO org.springframework.orm.jpa.AbstractEntityManagerFactoryBean [SpringApplicationShutdownHook] Closing JPA EntityManagerFactory for persistence unit 'default'
2022-08-08 11:37:18,151 INFO org.springframework.orm.jpa.AbstractEntityManagerFactoryBean [SpringApplicationShutdownHook] Closing JPA EntityManagerFactory for persistence unit 'default'
