2022-07-14 11:08:32,139 INFO org.springframework.boot.StartupInfoLogger [main] Starting TokenProviderApplication using Java 11.0.15 on lnb035758spo with PID 54833 (/home/gabrielly/Documentos/project-myMusic-toTal/TokenProvider/target/classes started by CIANDT\gabrielly in /home/gabrielly/Documentos/project-myMusic-toTal/TokenProvider)
2022-07-14 11:08:32,142 INFO org.springframework.boot.SpringApplication [main] No active profile set, falling back to default profiles: default
2022-07-14 11:08:33,166 INFO org.springframework.boot.web.embedded.tomcat.TomcatWebServer [main] Tomcat initialized with port(s): 5050 (http)
2022-07-14 11:08:33,180 INFO org.apache.juli.logging.DirectJDKLog [main] Initializing ProtocolHandler ["http-nio-5050"]
2022-07-14 11:08:33,181 INFO org.apache.juli.logging.DirectJDKLog [main] Starting service [Tomcat]
2022-07-14 11:08:33,181 INFO org.apache.juli.logging.DirectJDKLog [main] Starting Servlet engine: [Apache Tomcat/9.0.56]
2022-07-14 11:08:33,267 INFO org.apache.juli.logging.DirectJDKLog [main] Initializing Spring embedded WebApplicationContext
2022-07-14 11:08:33,267 INFO org.springframework.boot.web.servlet.context.ServletWebServerApplicationContext [main] Root WebApplicationContext: initialization completed in 1078 ms
2022-07-14 11:08:33,759 INFO org.springframework.boot.actuate.endpoint.web.EndpointLinksResolver [main] Exposing 1 endpoint(s) beneath base path '/actuator'
2022-07-14 11:08:33,777 INFO org.apache.juli.logging.DirectJDKLog [main] Starting ProtocolHandler ["http-nio-5050"]
2022-07-14 11:08:33,788 INFO org.springframework.boot.web.embedded.tomcat.TomcatWebServer [main] Tomcat started on port(s): 5050 (http) with context path ''
2022-07-14 11:08:33,801 INFO org.springframework.boot.StartupInfoLogger [main] Started TokenProviderApplication in 2.021 seconds (JVM running for 2.581)
2022-07-14 11:09:44,236 INFO org.apache.juli.logging.DirectJDKLog [http-nio-5050-exec-2] Initializing Spring DispatcherServlet 'dispatcherServlet'
2022-07-14 11:09:44,236 INFO org.springframework.web.servlet.FrameworkServlet [http-nio-5050-exec-2] Initializing Servlet 'dispatcherServlet'
2022-07-14 11:09:44,237 INFO org.springframework.web.servlet.FrameworkServlet [http-nio-5050-exec-2] Completed initialization in 1 ms
2022-07-14 11:09:44,296 INFO com.ciandt.token.provider.controllers.TokenController [http-nio-5050-exec-2] Recebido requisição para criação de token para chave: null
2022-07-14 11:09:44,299 ERROR com.ciandt.token.provider.controllers.TokenController [http-nio-5050-exec-2] Erro na requisição: Password cannot be set empty
2022-07-14 11:10:07,859 INFO com.ciandt.token.provider.controllers.TokenController [http-nio-5050-exec-4] Recebido requisição para criação de token para chave: null
2022-07-14 11:10:07,859 ERROR com.ciandt.token.provider.controllers.TokenController [http-nio-5050-exec-4] Erro na requisição: Password cannot be set empty
2022-07-14 11:10:30,503 INFO com.ciandt.token.provider.controllers.TokenController [http-nio-5050-exec-6] Recebido requisição para criação de token para chave: null
2022-07-14 11:10:30,504 ERROR com.ciandt.token.provider.controllers.TokenController [http-nio-5050-exec-6] Erro na requisição: Password cannot be set empty
2022-07-14 11:10:47,289 INFO com.ciandt.token.provider.controllers.TokenController [http-nio-5050-exec-8] Recebido requisição para criação de token para chave: null
2022-07-14 11:10:47,289 ERROR com.ciandt.token.provider.controllers.TokenController [http-nio-5050-exec-8] Erro na requisição: Password cannot be set empty
2022-07-14 11:10:55,573 INFO com.ciandt.token.provider.controllers.TokenController [http-nio-5050-exec-10] Recebido requisição para criação de token para chave: null
2022-07-14 11:10:55,574 ERROR com.ciandt.token.provider.controllers.TokenController [http-nio-5050-exec-10] Erro na requisição: Password cannot be set empty
2022-07-14 11:10:56,392 INFO com.ciandt.token.provider.controllers.TokenController [http-nio-5050-exec-2] Recebido requisição para criação de token para chave: null
2022-07-14 11:10:56,392 ERROR com.ciandt.token.provider.controllers.TokenController [http-nio-5050-exec-2] Erro na requisição: Password cannot be set empty
2022-07-14 11:12:21,811 INFO com.ciandt.token.provider.controllers.TokenController [http-nio-5050-exec-4] Recebido requisição para criação de token para chave: Gustavo
2022-07-14 11:12:21,848 INFO com.ciandt.token.provider.controllers.TokenController [http-nio-5050-exec-4] Token gerado com sucesso
2022-07-14 11:12:57,024 INFO com.ciandt.token.provider.controllers.TokenController [http-nio-5050-exec-5] Recebido requisição para criação de token para chave: Gustavo
2022-07-14 11:12:57,026 INFO com.ciandt.token.provider.controllers.TokenController [http-nio-5050-exec-5] Token gerado com sucesso
2022-07-14 11:12:57,875 INFO com.ciandt.token.provider.controllers.TokenController [http-nio-5050-exec-6] Recebido requisição para criação de token para chave: Gustavo
2022-07-14 11:12:57,877 INFO com.ciandt.token.provider.controllers.TokenController [http-nio-5050-exec-6] Token gerado com sucesso
2022-07-14 11:15:12,850 INFO com.ciandt.token.provider.controllers.TokenController [http-nio-5050-exec-9] Recebido requisição para criação de token para chave: Gustavo
2022-07-14 11:15:12,851 INFO com.ciandt.token.provider.controllers.TokenController [http-nio-5050-exec-9] Token gerado com sucesso
2022-07-14 11:15:14,055 INFO com.ciandt.token.provider.controllers.TokenController [http-nio-5050-exec-10] Recebido requisição para criação de token para chave: Gustavo
2022-07-14 11:15:14,056 INFO com.ciandt.token.provider.controllers.TokenController [http-nio-5050-exec-10] Token gerado com sucesso
2022-07-14 11:16:02,337 INFO com.ciandt.token.provider.controllers.TokenController [http-nio-5050-exec-1] Recebido requisição para criação de token para chave: Gustavo
2022-07-14 11:16:02,338 INFO com.ciandt.token.provider.controllers.TokenController [http-nio-5050-exec-1] Token gerado com sucesso
2022-07-14 11:16:24,795 INFO com.ciandt.token.provider.controllers.TokenController [http-nio-5050-exec-2] Recebido requisição para criação de token para chave: Gustavo
2022-07-14 11:16:24,796 INFO com.ciandt.token.provider.controllers.TokenController [http-nio-5050-exec-2] Token gerado com sucesso
2022-07-14 11:16:28,342 INFO com.ciandt.token.provider.controllers.TokenController [http-nio-5050-exec-3] Recebido requisição para criação de token para chave: Gustavo
2022-07-14 11:16:28,343 INFO com.ciandt.token.provider.controllers.TokenController [http-nio-5050-exec-3] Token gerado com sucesso
2022-07-14 11:16:37,314 INFO com.ciandt.token.provider.controllers.TokenController [http-nio-5050-exec-4] Recebido requisição para criação de token para chave: Gustavo
2022-07-14 11:16:37,316 INFO com.ciandt.token.provider.controllers.TokenController [http-nio-5050-exec-4] Token gerado com sucesso
2022-07-14 11:17:00,662 INFO com.ciandt.token.provider.controllers.TokenController [http-nio-5050-exec-5] Recebido requisição para criação de token para chave: Gustavo
2022-07-14 11:17:00,663 INFO com.ciandt.token.provider.controllers.TokenController [http-nio-5050-exec-5] Token gerado com sucesso
2022-07-14 11:17:01,751 INFO com.ciandt.token.provider.controllers.TokenController [http-nio-5050-exec-6] Recebido requisição para criação de token para chave: Gustavo
2022-07-14 11:17:01,751 INFO com.ciandt.token.provider.controllers.TokenController [http-nio-5050-exec-6] Token gerado com sucesso
2022-07-14 11:17:48,396 INFO com.ciandt.token.provider.controllers.TokenController [http-nio-5050-exec-7] Recebido requisição para criação de token para chave: Gustavo
2022-07-14 11:17:48,398 INFO com.ciandt.token.provider.controllers.TokenController [http-nio-5050-exec-7] Token gerado com sucesso
2022-07-14 11:18:09,194 INFO com.ciandt.token.provider.controllers.TokenController [http-nio-5050-exec-8] Recebido requisição para criação de token para chave: Gustavo
2022-07-14 11:18:09,196 INFO com.ciandt.token.provider.controllers.TokenController [http-nio-5050-exec-8] Token gerado com sucesso
2022-07-14 11:18:10,093 INFO com.ciandt.token.provider.controllers.TokenController [http-nio-5050-exec-9] Recebido requisição para criação de token para chave: Gustavo
2022-07-14 11:18:10,095 INFO com.ciandt.token.provider.controllers.TokenController [http-nio-5050-exec-9] Token gerado com sucesso
2022-07-14 11:18:19,883 INFO com.ciandt.token.provider.controllers.TokenController [http-nio-5050-exec-10] Recebido requisição para criação de token para chave: Gustavo
2022-07-14 11:18:19,884 INFO com.ciandt.token.provider.controllers.TokenController [http-nio-5050-exec-10] Token gerado com sucesso
2022-07-14 11:18:20,706 INFO com.ciandt.token.provider.controllers.TokenController [http-nio-5050-exec-1] Recebido requisição para criação de token para chave: Gustavo
2022-07-14 11:18:20,708 INFO com.ciandt.token.provider.controllers.TokenController [http-nio-5050-exec-1] Token gerado com sucesso
2022-07-14 11:18:30,425 INFO com.ciandt.token.provider.controllers.TokenController [http-nio-5050-exec-2] Recebido requisição para criação de token para chave: Gustavo
2022-07-14 11:18:30,427 INFO com.ciandt.token.provider.controllers.TokenController [http-nio-5050-exec-2] Token gerado com sucesso
2022-07-14 11:18:31,197 INFO com.ciandt.token.provider.controllers.TokenController [http-nio-5050-exec-3] Recebido requisição para criação de token para chave: Gustavo
2022-07-14 11:18:31,198 INFO com.ciandt.token.provider.controllers.TokenController [http-nio-5050-exec-3] Token gerado com sucesso
2022-07-14 11:20:32,899 INFO com.ciandt.token.provider.controllers.TokenController [http-nio-5050-exec-6] Recebido requisição para criação de token para chave: Gustavo
2022-07-14 11:20:32,900 INFO com.ciandt.token.provider.controllers.TokenController [http-nio-5050-exec-6] Token gerado com sucesso
2022-07-14 11:20:55,330 INFO com.ciandt.token.provider.controllers.TokenController [http-nio-5050-exec-7] Recebido requisição para criação de token para chave: Gustavo
2022-07-14 11:20:55,331 INFO com.ciandt.token.provider.controllers.TokenController [http-nio-5050-exec-7] Token gerado com sucesso
2022-07-14 11:23:06,779 INFO com.ciandt.token.provider.controllers.TokenController [http-nio-5050-exec-10] Recebido requisição para criação de token para chave: Gustavo
2022-07-14 11:23:06,781 INFO com.ciandt.token.provider.controllers.TokenController [http-nio-5050-exec-10] Token gerado com sucesso
2022-07-14 11:23:46,474 INFO com.ciandt.token.provider.controllers.TokenController [http-nio-5050-exec-1] Recebido requisição para criação de token para chave: Gustavo
2022-07-14 11:23:46,475 INFO com.ciandt.token.provider.controllers.TokenController [http-nio-5050-exec-1] Token gerado com sucesso
2022-07-14 11:23:47,409 INFO com.ciandt.token.provider.controllers.TokenController [http-nio-5050-exec-2] Recebido requisição para criação de token para chave: Gustavo
2022-07-14 11:23:47,410 INFO com.ciandt.token.provider.controllers.TokenController [http-nio-5050-exec-2] Token gerado com sucesso
2022-07-14 11:23:49,248 INFO com.ciandt.token.provider.controllers.TokenController [http-nio-5050-exec-3] Recebido requisição para criação de token para chave: Gustavo
2022-07-14 11:23:49,250 INFO com.ciandt.token.provider.controllers.TokenController [http-nio-5050-exec-3] Token gerado com sucesso
2022-07-14 11:23:50,355 INFO com.ciandt.token.provider.controllers.TokenController [http-nio-5050-exec-4] Recebido requisição para criação de token para chave: Gustavo
2022-07-14 11:23:50,356 INFO com.ciandt.token.provider.controllers.TokenController [http-nio-5050-exec-4] Token gerado com sucesso
2022-07-14 11:24:55,266 INFO com.ciandt.token.provider.controllers.TokenController [http-nio-5050-exec-7] Recebido requisição para criação de token para chave: Gustavo
2022-07-14 11:24:55,267 INFO com.ciandt.token.provider.controllers.TokenController [http-nio-5050-exec-7] Token gerado com sucesso
2022-07-14 11:27:21,751 INFO org.springframework.boot.StartupInfoLogger [main] Starting TokenProviderApplication using Java 11.0.15 on lnb035758spo with PID 58346 (/home/gabrielly/Documentos/project-myMusic-toTal/TokenProvider/target/classes started by CIANDT\gabrielly in /home/gabrielly/Documentos/project-myMusic-toTal/TokenProvider)
2022-07-14 11:27:21,753 INFO org.springframework.boot.SpringApplication [main] No active profile set, falling back to default profiles: default
2022-07-14 11:27:22,634 INFO org.springframework.boot.web.embedded.tomcat.TomcatWebServer [main] Tomcat initialized with port(s): 8080 (http)
2022-07-14 11:27:22,646 INFO org.apache.juli.logging.DirectJDKLog [main] Initializing ProtocolHandler ["http-nio-8080"]
2022-07-14 11:27:22,647 INFO org.apache.juli.logging.DirectJDKLog [main] Starting service [Tomcat]
2022-07-14 11:27:22,647 INFO org.apache.juli.logging.DirectJDKLog [main] Starting Servlet engine: [Apache Tomcat/9.0.56]
2022-07-14 11:27:22,732 INFO org.apache.juli.logging.DirectJDKLog [main] Initializing Spring embedded WebApplicationContext
2022-07-14 11:27:22,732 INFO org.springframework.boot.web.servlet.context.ServletWebServerApplicationContext [main] Root WebApplicationContext: initialization completed in 937 ms
2022-07-14 11:27:23,217 INFO org.springframework.boot.actuate.endpoint.web.EndpointLinksResolver [main] Exposing 1 endpoint(s) beneath base path '/actuator'
2022-07-14 11:27:23,239 INFO org.apache.juli.logging.DirectJDKLog [main] Starting ProtocolHandler ["http-nio-8080"]
2022-07-14 11:27:23,250 INFO org.springframework.boot.web.embedded.tomcat.TomcatWebServer [main] Tomcat started on port(s): 8080 (http) with context path ''
2022-07-14 11:27:23,264 INFO org.springframework.boot.StartupInfoLogger [main] Started TokenProviderApplication in 1.805 seconds (JVM running for 2.336)
2022-07-14 11:29:36,990 INFO org.apache.juli.logging.DirectJDKLog [http-nio-8080-exec-2] Initializing Spring DispatcherServlet 'dispatcherServlet'
2022-07-14 11:29:36,991 INFO org.springframework.web.servlet.FrameworkServlet [http-nio-8080-exec-2] Initializing Servlet 'dispatcherServlet'
2022-07-14 11:29:36,991 INFO org.springframework.web.servlet.FrameworkServlet [http-nio-8080-exec-2] Completed initialization in 0 ms
2022-07-14 11:29:37,048 INFO com.ciandt.token.provider.controllers.TokenController [http-nio-8080-exec-2] Recebido requisição para criação de token para chave: Gustavo
2022-07-14 11:29:37,088 INFO com.ciandt.token.provider.controllers.TokenController [http-nio-8080-exec-2] Token gerado com sucesso
2022-07-14 11:29:37,338 INFO com.ciandt.token.provider.controllers.TokenAuthorizerController [http-nio-8080-exec-3] Recebido requisição para geração de token: Gustavo
2022-07-14 11:29:37,343 INFO com.ciandt.token.provider.controllers.TokenAuthorizerController [http-nio-8080-exec-3] Token validado com sucesso
2022-07-14 11:29:37,405 INFO com.ciandt.token.provider.controllers.TokenAuthorizerController [http-nio-8080-exec-4] Recebido requisição para geração de token: Gustavo
2022-07-14 11:29:37,407 INFO com.ciandt.token.provider.controllers.TokenAuthorizerController [http-nio-8080-exec-4] Token validado com sucesso
2022-07-14 11:31:22,335 INFO com.ciandt.token.provider.controllers.TokenController [http-nio-8080-exec-9] Recebido requisição para criação de token para chave: Gustavo
2022-07-14 11:31:22,337 INFO com.ciandt.token.provider.controllers.TokenController [http-nio-8080-exec-9] Token gerado com sucesso
2022-07-14 11:31:22,353 INFO com.ciandt.token.provider.controllers.TokenAuthorizerController [http-nio-8080-exec-10] Recebido requisição para geração de token: Gustavo
2022-07-14 11:31:22,354 INFO com.ciandt.token.provider.controllers.TokenAuthorizerController [http-nio-8080-exec-10] Token validado com sucesso
2022-07-14 11:31:22,363 INFO com.ciandt.token.provider.controllers.TokenAuthorizerController [http-nio-8080-exec-1] Recebido requisição para geração de token: Gustavo
2022-07-14 11:31:22,364 INFO com.ciandt.token.provider.controllers.TokenAuthorizerController [http-nio-8080-exec-1] Token validado com sucesso
2022-07-14 11:31:27,909 INFO com.ciandt.token.provider.controllers.TokenController [http-nio-8080-exec-2] Recebido requisição para criação de token para chave: Gustavo
2022-07-14 11:31:27,911 INFO com.ciandt.token.provider.controllers.TokenController [http-nio-8080-exec-2] Token gerado com sucesso
2022-07-14 11:31:27,932 INFO com.ciandt.token.provider.controllers.TokenAuthorizerController [http-nio-8080-exec-3] Recebido requisição para geração de token: Gustavo
2022-07-14 11:31:27,933 INFO com.ciandt.token.provider.controllers.TokenAuthorizerController [http-nio-8080-exec-3] Token validado com sucesso
2022-07-14 11:31:27,941 INFO com.ciandt.token.provider.controllers.TokenAuthorizerController [http-nio-8080-exec-4] Recebido requisição para geração de token: Gustavo
2022-07-14 11:31:27,942 INFO com.ciandt.token.provider.controllers.TokenAuthorizerController [http-nio-8080-exec-4] Token validado com sucesso
2022-07-14 11:31:33,047 INFO com.ciandt.token.provider.controllers.TokenController [http-nio-8080-exec-5] Recebido requisição para criação de token para chave: Gustavo
2022-07-14 11:31:33,049 INFO com.ciandt.token.provider.controllers.TokenController [http-nio-8080-exec-5] Token gerado com sucesso
2022-07-14 11:31:33,071 INFO com.ciandt.token.provider.controllers.TokenAuthorizerController [http-nio-8080-exec-6] Recebido requisição para geração de token: Gustavo
2022-07-14 11:31:33,072 INFO com.ciandt.token.provider.controllers.TokenAuthorizerController [http-nio-8080-exec-6] Token validado com sucesso
2022-07-14 11:31:33,083 INFO com.ciandt.token.provider.controllers.TokenAuthorizerController [http-nio-8080-exec-7] Recebido requisição para geração de token: Gustavo
2022-07-14 11:31:33,084 INFO com.ciandt.token.provider.controllers.TokenAuthorizerController [http-nio-8080-exec-7] Token validado com sucesso
2022-07-14 11:31:38,979 INFO com.ciandt.token.provider.controllers.TokenController [http-nio-8080-exec-8] Recebido requisição para criação de token para chave: Gustavo
2022-07-14 11:31:38,980 INFO com.ciandt.token.provider.controllers.TokenController [http-nio-8080-exec-8] Token gerado com sucesso
2022-07-14 11:31:39,002 INFO com.ciandt.token.provider.controllers.TokenAuthorizerController [http-nio-8080-exec-9] Recebido requisição para geração de token: Gustavo
2022-07-14 11:31:39,003 INFO com.ciandt.token.provider.controllers.TokenAuthorizerController [http-nio-8080-exec-9] Token validado com sucesso
2022-07-14 11:31:44,580 INFO com.ciandt.token.provider.controllers.TokenController [http-nio-8080-exec-10] Recebido requisição para criação de token para chave: Gustavo
2022-07-14 11:31:44,582 INFO com.ciandt.token.provider.controllers.TokenController [http-nio-8080-exec-10] Token gerado com sucesso
2022-07-14 11:31:44,604 INFO com.ciandt.token.provider.controllers.TokenAuthorizerController [http-nio-8080-exec-1] Recebido requisição para geração de token: Gustavo
2022-07-14 11:31:44,606 INFO com.ciandt.token.provider.controllers.TokenAuthorizerController [http-nio-8080-exec-1] Token validado com sucesso
2022-07-14 11:31:44,614 INFO com.ciandt.token.provider.controllers.TokenAuthorizerController [http-nio-8080-exec-2] Recebido requisição para geração de token: Gustavo
2022-07-14 11:31:44,615 INFO com.ciandt.token.provider.controllers.TokenAuthorizerController [http-nio-8080-exec-2] Token validado com sucesso
2022-07-14 11:35:44,178 INFO com.ciandt.token.provider.controllers.TokenController [http-nio-8080-exec-3] Recebido requisição para criação de token para chave: Gustavo
2022-07-14 11:35:44,178 INFO com.ciandt.token.provider.controllers.TokenController [http-nio-8080-exec-3] Token gerado com sucesso
2022-07-14 11:35:44,403 INFO com.ciandt.token.provider.controllers.TokenAuthorizerController [http-nio-8080-exec-6] Recebido requisição para geração de token: Gustavo
2022-07-14 11:35:44,404 INFO com.ciandt.token.provider.controllers.TokenAuthorizerController [http-nio-8080-exec-6] Token validado com sucesso
2022-07-14 11:35:44,465 INFO com.ciandt.token.provider.controllers.TokenAuthorizerController [http-nio-8080-exec-5] Recebido requisição para geração de token: Gustavo
2022-07-14 11:35:44,466 INFO com.ciandt.token.provider.controllers.TokenAuthorizerController [http-nio-8080-exec-5] Token validado com sucesso
2022-07-14 11:36:11,184 INFO com.ciandt.token.provider.controllers.TokenController [http-nio-8080-exec-8] Recebido requisição para criação de token para chave: Gustavo
2022-07-14 11:36:11,186 INFO com.ciandt.token.provider.controllers.TokenController [http-nio-8080-exec-8] Token gerado com sucesso
2022-07-14 11:36:11,218 INFO com.ciandt.token.provider.controllers.TokenAuthorizerController [http-nio-8080-exec-7] Recebido requisição para geração de token: Gustavo
2022-07-14 11:36:11,220 INFO com.ciandt.token.provider.controllers.TokenAuthorizerController [http-nio-8080-exec-7] Token validado com sucesso
2022-07-14 11:36:17,487 INFO com.ciandt.token.provider.controllers.TokenController [http-nio-8080-exec-9] Recebido requisição para criação de token para chave: Gustavo
2022-07-14 11:36:17,488 INFO com.ciandt.token.provider.controllers.TokenController [http-nio-8080-exec-9] Token gerado com sucesso
2022-07-14 11:36:17,506 INFO com.ciandt.token.provider.controllers.TokenAuthorizerController [http-nio-8080-exec-10] Recebido requisição para geração de token: Gustavo
2022-07-14 11:36:17,507 INFO com.ciandt.token.provider.controllers.TokenAuthorizerController [http-nio-8080-exec-10] Token validado com sucesso
2022-07-14 11:37:14,324 INFO com.ciandt.token.provider.controllers.TokenController [http-nio-8080-exec-3] Recebido requisição para criação de token para chave: Gustavo
2022-07-14 11:37:14,325 INFO com.ciandt.token.provider.controllers.TokenController [http-nio-8080-exec-3] Token gerado com sucesso
2022-07-14 11:37:14,343 INFO com.ciandt.token.provider.controllers.TokenAuthorizerController [http-nio-8080-exec-6] Recebido requisição para geração de token: Gustavo
2022-07-14 11:37:14,344 INFO com.ciandt.token.provider.controllers.TokenAuthorizerController [http-nio-8080-exec-6] Token validado com sucesso
2022-07-14 11:37:14,352 INFO com.ciandt.token.provider.controllers.TokenAuthorizerController [http-nio-8080-exec-5] Recebido requisição para geração de token: Gustavo
2022-07-14 11:37:14,353 INFO com.ciandt.token.provider.controllers.TokenAuthorizerController [http-nio-8080-exec-5] Token validado com sucesso
2022-07-14 11:37:39,405 INFO com.ciandt.token.provider.controllers.TokenController [http-nio-8080-exec-7] Recebido requisição para criação de token para chave: Gustavo
2022-07-14 11:37:39,406 INFO com.ciandt.token.provider.controllers.TokenController [http-nio-8080-exec-7] Token gerado com sucesso
2022-07-14 11:37:39,430 INFO com.ciandt.token.provider.controllers.TokenAuthorizerController [http-nio-8080-exec-9] Recebido requisição para geração de token: Gustavo
2022-07-14 11:37:39,432 INFO com.ciandt.token.provider.controllers.TokenAuthorizerController [http-nio-8080-exec-9] Token validado com sucesso
2022-07-14 11:37:39,441 INFO com.ciandt.token.provider.controllers.TokenAuthorizerController [http-nio-8080-exec-10] Recebido requisição para geração de token: Gustavo
2022-07-14 11:37:39,442 INFO com.ciandt.token.provider.controllers.TokenAuthorizerController [http-nio-8080-exec-10] Token validado com sucesso
2022-07-14 11:37:48,657 INFO com.ciandt.token.provider.controllers.TokenController [http-nio-8080-exec-1] Recebido requisição para criação de token para chave: Gustavo
2022-07-14 11:37:48,658 INFO com.ciandt.token.provider.controllers.TokenController [http-nio-8080-exec-1] Token gerado com sucesso
2022-07-14 11:37:48,694 INFO com.ciandt.token.provider.controllers.TokenAuthorizerController [http-nio-8080-exec-2] Recebido requisição para geração de token: Gustavo
2022-07-14 11:37:48,695 INFO com.ciandt.token.provider.controllers.TokenAuthorizerController [http-nio-8080-exec-2] Token validado com sucesso
2022-07-14 11:39:57,746 INFO com.ciandt.token.provider.controllers.TokenController [http-nio-8080-exec-10] Recebido requisição para criação de token para chave: Gustavo
2022-07-14 11:39:57,746 INFO com.ciandt.token.provider.controllers.TokenController [http-nio-8080-exec-10] Token gerado com sucesso
2022-07-14 11:39:57,763 INFO com.ciandt.token.provider.controllers.TokenAuthorizerController [http-nio-8080-exec-1] Recebido requisição para geração de token: Gustavo
2022-07-14 11:39:57,764 INFO com.ciandt.token.provider.controllers.TokenAuthorizerController [http-nio-8080-exec-1] Token validado com sucesso
2022-07-14 11:41:38,563 INFO com.ciandt.token.provider.controllers.TokenController [http-nio-8080-exec-6] Recebido requisição para criação de token para chave: Gustavo
2022-07-14 11:41:38,564 INFO com.ciandt.token.provider.controllers.TokenController [http-nio-8080-exec-6] Token gerado com sucesso
2022-07-14 11:41:38,578 INFO com.ciandt.token.provider.controllers.TokenAuthorizerController [http-nio-8080-exec-5] Recebido requisição para geração de token: Gustavo
2022-07-14 11:41:38,579 INFO com.ciandt.token.provider.controllers.TokenAuthorizerController [http-nio-8080-exec-5] Token validado com sucesso
2022-07-14 11:43:09,004 INFO com.ciandt.token.provider.controllers.TokenController [http-nio-8080-exec-10] Recebido requisição para criação de token para chave: Gustavo
2022-07-14 11:43:09,004 INFO com.ciandt.token.provider.controllers.TokenController [http-nio-8080-exec-10] Token gerado com sucesso
2022-07-14 11:43:09,020 INFO com.ciandt.token.provider.controllers.TokenAuthorizerController [http-nio-8080-exec-1] Recebido requisição para geração de token: Gustavo
2022-07-14 11:43:09,021 INFO com.ciandt.token.provider.controllers.TokenAuthorizerController [http-nio-8080-exec-1] Token validado com sucesso
2022-07-14 11:43:35,858 INFO com.ciandt.token.provider.controllers.TokenController [http-nio-8080-exec-4] Recebido requisição para criação de token para chave: Gustavo
2022-07-14 11:43:35,859 INFO com.ciandt.token.provider.controllers.TokenController [http-nio-8080-exec-4] Token gerado com sucesso
2022-07-14 11:43:35,874 INFO com.ciandt.token.provider.controllers.TokenAuthorizerController [http-nio-8080-exec-2] Recebido requisição para geração de token: Gustavo
2022-07-14 11:43:35,875 INFO com.ciandt.token.provider.controllers.TokenAuthorizerController [http-nio-8080-exec-2] Token validado com sucesso
2022-07-14 11:45:03,467 INFO com.ciandt.token.provider.controllers.TokenController [http-nio-8080-exec-8] Recebido requisição para criação de token para chave: Gustavo
2022-07-14 11:45:03,468 INFO com.ciandt.token.provider.controllers.TokenController [http-nio-8080-exec-8] Token gerado com sucesso
2022-07-14 11:45:03,484 INFO com.ciandt.token.provider.controllers.TokenAuthorizerController [http-nio-8080-exec-9] Recebido requisição para geração de token: Gustavo
2022-07-14 11:45:03,488 INFO com.ciandt.token.provider.controllers.TokenAuthorizerController [http-nio-8080-exec-9] Token validado com sucesso
2022-07-14 11:46:30,040 INFO com.ciandt.token.provider.controllers.TokenController [http-nio-8080-exec-2] Recebido requisição para criação de token para chave: Gustavo
2022-07-14 11:46:30,042 INFO com.ciandt.token.provider.controllers.TokenController [http-nio-8080-exec-2] Token gerado com sucesso
2022-07-14 11:46:30,063 INFO com.ciandt.token.provider.controllers.TokenAuthorizerController [http-nio-8080-exec-3] Recebido requisição para geração de token: Gustavo
2022-07-14 11:46:30,064 INFO com.ciandt.token.provider.controllers.TokenAuthorizerController [http-nio-8080-exec-3] Token validado com sucesso
2022-07-14 11:47:35,048 INFO com.ciandt.token.provider.controllers.TokenController [http-nio-8080-exec-8] Recebido requisição para criação de token para chave: Gustavo
2022-07-14 11:47:35,049 INFO com.ciandt.token.provider.controllers.TokenController [http-nio-8080-exec-8] Token gerado com sucesso
2022-07-14 11:47:35,065 INFO com.ciandt.token.provider.controllers.TokenAuthorizerController [http-nio-8080-exec-9] Recebido requisição para geração de token: Gustavo
2022-07-14 11:47:35,066 INFO com.ciandt.token.provider.controllers.TokenAuthorizerController [http-nio-8080-exec-9] Token validado com sucesso
2022-07-14 11:47:45,652 INFO com.ciandt.token.provider.controllers.TokenController [http-nio-8080-exec-1] Recebido requisição para criação de token para chave: Gustavo
2022-07-14 11:47:45,654 INFO com.ciandt.token.provider.controllers.TokenController [http-nio-8080-exec-1] Token gerado com sucesso
2022-07-14 11:47:45,678 INFO com.ciandt.token.provider.controllers.TokenAuthorizerController [http-nio-8080-exec-10] Recebido requisição para geração de token: Gustavo
2022-07-14 11:47:45,679 INFO com.ciandt.token.provider.controllers.TokenAuthorizerController [http-nio-8080-exec-10] Token validado com sucesso
2022-07-14 11:48:00,750 INFO com.ciandt.token.provider.controllers.TokenController [http-nio-8080-exec-4] Recebido requisição para criação de token para chave: Gustavo
2022-07-14 11:48:00,751 INFO com.ciandt.token.provider.controllers.TokenController [http-nio-8080-exec-4] Token gerado com sucesso
2022-07-14 11:48:00,770 INFO com.ciandt.token.provider.controllers.TokenAuthorizerController [http-nio-8080-exec-2] Recebido requisição para geração de token: Gustavo
2022-07-14 11:48:00,772 INFO com.ciandt.token.provider.controllers.TokenAuthorizerController [http-nio-8080-exec-2] Token validado com sucesso
2022-07-14 11:48:08,696 INFO com.ciandt.token.provider.controllers.TokenController [http-nio-8080-exec-3] Recebido requisição para criação de token para chave: Gustavo
2022-07-14 11:48:08,699 INFO com.ciandt.token.provider.controllers.TokenController [http-nio-8080-exec-3] Token gerado com sucesso
2022-07-14 11:48:08,728 INFO com.ciandt.token.provider.controllers.TokenAuthorizerController [http-nio-8080-exec-5] Recebido requisição para geração de token: Gustavo
2022-07-14 11:48:08,730 INFO com.ciandt.token.provider.controllers.TokenAuthorizerController [http-nio-8080-exec-5] Token validado com sucesso
2022-07-14 11:48:14,126 INFO com.ciandt.token.provider.controllers.TokenController [http-nio-8080-exec-6] Recebido requisição para criação de token para chave: Gustavo
2022-07-14 11:48:14,127 INFO com.ciandt.token.provider.controllers.TokenController [http-nio-8080-exec-6] Token gerado com sucesso
2022-07-14 11:48:14,163 INFO com.ciandt.token.provider.controllers.TokenAuthorizerController [http-nio-8080-exec-7] Recebido requisição para geração de token: Gustavo
2022-07-14 11:48:14,165 INFO com.ciandt.token.provider.controllers.TokenAuthorizerController [http-nio-8080-exec-7] Token validado com sucesso
